# JRE version: Java(TM) SE Runtime Environment (17.0.13+10) (build 17.0.13+10-LTS-268)
# Java VM: Java HotSpot(TM) 64-Bit Server VM (17.0.13+10-LTS-268, mixed mode, sharing, tiered, compressed oops, compressed class ptrs, g1 gc, windows-amd64)
GC Precious Log:
 CPUs: 4 total, 4 available
 Memory: 16342M
 Large Page Support: Disabled
 NUMA Support: Disabled
 Compressed Oops: Enabled (32-bit)
 Heap Region Size: 1M
 Heap Min Capacity: 256M
 Heap Initial Capacity: 256M
 Heap Max Capacity: 512M
 Pre-touch: Disabled
 Parallel Workers: 4
 Concurrent Workers: 1
 Concurrent Refinement Workers: 4
 Periodic GC: Disabled
Heap:
 garbage-first heap   total 262144K, used 126473K [0x00000000e0000000, 0x0000000100000000)
  region size 1024K, 21 young (21504K), 7 survivors (7168K)
 Metaspace       used 74768K, committed 75648K, reserved 393216K
  class space    used 10037K, committed 10432K, reserved 327680K
GC Heap History (20 events):
Event: 5.124 GC heap before
{Heap before GC invocations=5 (full 0):
 garbage-first heap   total 262144K, used 145973K [0x00000000e0000000, 0x0000000100000000)
  region size 1024K, 119 young (121856K), 3 survivors (3072K)
 Metaspace       used 35550K, committed 35968K, reserved 393216K
  class space    used 4937K, committed 5120K, reserved 327680K
}
Event: 5.136 GC heap after
{Heap after GC invocations=6 (full 0):
 garbage-first heap   total 262144K, used 32380K [0x00000000e0000000, 0x0000000100000000)
  region size 1024K, 11 young (11264K), 11 survivors (11264K)
 Metaspace       used 35550K, committed 35968K, reserved 393216K
  class space    used 4937K, committed 5120K, reserved 327680K
}
Event: 7.304 GC heap before
{Heap before GC invocations=7 (full 0):
 garbage-first heap   total 262144K, used 178812K [0x00000000e0000000, 0x0000000100000000)
  region size 1024K, 153 young (156672K), 11 survivors (11264K)
 Metaspace       used 49107K, committed 49664K, reserved 393216K
  class space    used 6960K, committed 7232K, reserved 327680K
}
Event: 7.315 GC heap after
{Heap after GC invocations=8 (full 0):
 garbage-first heap   total 262144K, used 39854K [0x00000000e0000000, 0x0000000100000000)
  region size 1024K, 18 young (18432K), 18 survivors (18432K)
 Metaspace       used 49107K, committed 49664K, reserved 393216K
  class space    used 6960K, committed 7232K, reserved 327680K
}
Event: 9.500 GC heap before
{Heap before GC invocations=8 (full 0):
 garbage-first heap   total 262144K, used 178094K [0x00000000e0000000, 0x0000000100000000)
  region size 1024K, 153 young (156672K), 18 survivors (18432K)
 Metaspace       used 55344K, committed 55936K, reserved 393216K
  class space    used 7656K, committed 7936K, reserved 327680K
}
Event: 9.518 GC heap after
{Heap after GC invocations=9 (full 0):
 garbage-first heap   total 262144K, used 51471K [0x00000000e0000000, 0x0000000100000000)
  region size 1024K, 20 young (20480K), 20 survivors (20480K)
 Metaspace       used 55344K, committed 55936K, reserved 393216K
  class space    used 7656K, committed 7936K, reserved 327680K
}
Event: 11.700 GC heap before
{Heap before GC invocations=9 (full 0):
 garbage-first heap   total 262144K, used 187663K [0x00000000e0000000, 0x0000000100000000)
  region size 1024K, 153 young (156672K), 20 survivors (20480K)
 Metaspace       used 57906K, committed 58560K, reserved 393216K
  class space    used 7910K, committed 8192K, reserved 327680K
}
Event: 11.717 GC heap after
{Heap after GC invocations=10 (full 0):
 garbage-first heap   total 262144K, used 56824K [0x00000000e0000000, 0x0000000100000000)
  region size 1024K, 6 young (6144K), 6 survivors (6144K)
 Metaspace       used 57906K, committed 58560K, reserved 393216K
  class space    used 7910K, committed 8192K, reserved 327680K
}
Event: 12.050 GC heap before
{Heap before GC invocations=10 (full 0):
 garbage-first heap   total 262144K, used 91640K [0x00000000e0000000, 0x0000000100000000)
  region size 1024K, 41 young (41984K), 6 survivors (6144K)
 Metaspace       used 59501K, committed 60160K, reserved 393216K
  class space    used 8192K, committed 8512K, reserved 327680K
}
Event: 12.059 GC heap after
{Heap after GC invocations=11 (full 0):
 garbage-first heap   total 262144K, used 58755K [0x00000000e0000000, 0x0000000100000000)
  region size 1024K, 8 young (8192K), 8 survivors (8192K)
 Metaspace       used 59501K, committed 60160K, reserved 393216K
  class space    used 8192K, committed 8512K, reserved 327680K
}
Event: 13.755 GC heap before
{Heap before GC invocations=12 (full 0):
 garbage-first heap   total 262144K, used 207235K [0x00000000e0000000, 0x0000000100000000)
  region size 1024K, 153 young (156672K), 8 survivors (8192K)
 Metaspace       used 67825K, committed 68544K, reserved 393216K
  class space    used 9286K, committed 9600K, reserved 327680K
}
Event: 13.783 GC heap after
{Heap after GC invocations=13 (full 0):
 garbage-first heap   total 262144K, used 87832K [0x00000000e0000000, 0x0000000100000000)
  region size 1024K, 20 young (20480K), 20 survivors (20480K)
 Metaspace       used 67825K, committed 68544K, reserved 393216K
  class space    used 9286K, committed 9600K, reserved 327680K
}
Event: 13.794 GC heap before
{Heap before GC invocations=13 (full 0):
 garbage-first heap   total 262144K, used 88856K [0x00000000e0000000, 0x0000000100000000)
  region size 1024K, 21 young (21504K), 20 survivors (20480K)
 Metaspace       used 67843K, committed 68544K, reserved 393216K
  class space    used 9288K, committed 9600K, reserved 327680K
}
Event: 13.815 GC heap after
{Heap after GC invocations=14 (full 0):
 garbage-first heap   total 262144K, used 91136K [0x00000000e0000000, 0x0000000100000000)
  region size 1024K, 2 young (2048K), 2 survivors (2048K)
 Metaspace       used 67843K, committed 68544K, reserved 393216K
  class space    used 9288K, committed 9600K, reserved 327680K
}
Event: 15.760 GC heap before
{Heap before GC invocations=14 (full 0):
 garbage-first heap   total 262144K, used 197632K [0x00000000e0000000, 0x0000000100000000)
  region size 1024K, 106 young (108544K), 2 survivors (2048K)
 Metaspace       used 72729K, committed 73600K, reserved 393216K
  class space    used 9846K, committed 10240K, reserved 327680K
}
Event: 15.770 GC heap after
{Heap after GC invocations=15 (full 0):
 garbage-first heap   total 262144K, used 96683K [0x00000000e0000000, 0x0000000100000000)
  region size 1024K, 8 young (8192K), 8 survivors (8192K)
 Metaspace       used 72729K, committed 73600K, reserved 393216K
  class space    used 9846K, committed 10240K, reserved 327680K
}
Event: 79.124 GC heap before
{Heap before GC invocations=15 (full 0):
 garbage-first heap   total 262144K, used 200107K [0x00000000e0000000, 0x0000000100000000)
  region size 1024K, 110 young (112640K), 8 survivors (8192K)
 Metaspace       used 74320K, committed 75200K, reserved 393216K
  class space    used 10025K, committed 10432K, reserved 327680K
}
Event: 79.137 GC heap after
{Heap after GC invocations=16 (full 0):
 garbage-first heap   total 262144K, used 105930K [0x00000000e0000000, 0x0000000100000000)
  region size 1024K, 14 young (14336K), 14 survivors (14336K)
 Metaspace       used 74320K, committed 75200K, reserved 393216K
  class space    used 10025K, committed 10432K, reserved 327680K
}
Event: 80.180 GC heap before
{Heap before GC invocations=16 (full 0):
 garbage-first heap   total 262144K, used 204234K [0x00000000e0000000, 0x0000000100000000)
  region size 1024K, 110 young (112640K), 14 survivors (14336K)
 Metaspace       used 74673K, committed 75520K, reserved 393216K
  class space    used 10030K, committed 10432K, reserved 327680K
}
Event: 80.197 GC heap after
{Heap after GC invocations=17 (full 0):
 garbage-first heap   total 262144K, used 113161K [0x00000000e0000000, 0x0000000100000000)
  region size 1024K, 7 young (7168K), 7 survivors (7168K)
 Metaspace       used 74673K, committed 75520K, reserved 393216K
  class space    used 10030K, committed 10432K, reserved 327680K
}

