# JRE version: Java(TM) SE Runtime Environment (17.0.13+10) (build 17.0.13+10-LTS-268)
# Java VM: Java HotSpot(TM) 64-Bit Server VM (17.0.13+10-LTS-268, mixed mode, sharing, tiered, compressed oops, compressed class ptrs, g1 gc, windows-amd64)
GC Precious Log:
 CPUs: 4 total, 4 available
 Memory: 16342M
 Large Page Support: Disabled
 NUMA Support: Disabled
 Compressed Oops: Enabled (32-bit)
 Heap Region Size: 1M
 Heap Min Capacity: 256M
 Heap Initial Capacity: 256M
 Heap Max Capacity: 512M
 Pre-touch: Disabled
 Parallel Workers: 4
 Concurrent Workers: 1
 Concurrent Refinement Workers: 4
 Periodic GC: Disabled
Heap:
 garbage-first heap   total 262144K, used 161704K [0x00000000e0000000, 0x0000000100000000)
  region size 1024K, 41 young (41984K), 4 survivors (4096K)
 Metaspace       used 77668K, committed 78592K, reserved 458752K
  class space    used 10246K, committed 10688K, reserved 327680K
GC Heap History (20 events):
Event: 34.366 GC heap before
{Heap before GC invocations=20 (full 0):
 garbage-first heap   total 262144K, used 207576K [0x00000000e0000000, 0x0000000100000000)
  region size 1024K, 122 young (124928K), 11 survivors (11264K)
 Metaspace       used 74780K, committed 75648K, reserved 393216K
  class space    used 10010K, committed 10432K, reserved 327680K
}
Event: 34.374 GC heap after
{Heap after GC invocations=21 (full 0):
 garbage-first heap   total 262144K, used 96122K [0x00000000e0000000, 0x0000000100000000)
  region size 1024K, 8 young (8192K), 8 survivors (8192K)
 Metaspace       used 74780K, committed 75648K, reserved 393216K
  class space    used 10010K, committed 10432K, reserved 327680K
}
Event: 35.604 GC heap before
{Heap before GC invocations=21 (full 0):
 garbage-first heap   total 262144K, used 211834K [0x00000000e0000000, 0x0000000100000000)
  region size 1024K, 121 young (123904K), 8 survivors (8192K)
 Metaspace       used 74794K, committed 75648K, reserved 393216K
  class space    used 10011K, committed 10432K, reserved 327680K
}
Event: 35.612 GC heap after
{Heap after GC invocations=22 (full 0):
 garbage-first heap   total 262144K, used 99766K [0x00000000e0000000, 0x0000000100000000)
  region size 1024K, 11 young (11264K), 11 survivors (11264K)
 Metaspace       used 74794K, committed 75648K, reserved 393216K
  class space    used 10011K, committed 10432K, reserved 327680K
}
Event: 36.224 GC heap before
{Heap before GC invocations=22 (full 0):
 garbage-first heap   total 262144K, used 213430K [0x00000000e0000000, 0x0000000100000000)
  region size 1024K, 122 young (124928K), 11 survivors (11264K)
 Metaspace       used 74799K, committed 75648K, reserved 393216K
  class space    used 10011K, committed 10432K, reserved 327680K
}
Event: 36.234 GC heap after
{Heap after GC invocations=23 (full 0):
 garbage-first heap   total 262144K, used 100613K [0x00000000e0000000, 0x0000000100000000)
  region size 1024K, 9 young (9216K), 9 survivors (9216K)
 Metaspace       used 74799K, committed 75648K, reserved 393216K
  class space    used 10011K, committed 10432K, reserved 327680K
}
Event: 36.868 GC heap before
{Heap before GC invocations=23 (full 0):
 garbage-first heap   total 262144K, used 216325K [0x00000000e0000000, 0x0000000100000000)
  region size 1024K, 121 young (123904K), 9 survivors (9216K)
 Metaspace       used 74800K, committed 75648K, reserved 393216K
  class space    used 10011K, committed 10432K, reserved 327680K
}
Event: 36.875 GC heap after
{Heap after GC invocations=24 (full 0):
 garbage-first heap   total 262144K, used 102925K [0x00000000e0000000, 0x0000000100000000)
  region size 1024K, 10 young (10240K), 10 survivors (10240K)
 Metaspace       used 74800K, committed 75648K, reserved 393216K
  class space    used 10011K, committed 10432K, reserved 327680K
}
Event: 581.504 GC heap before
{Heap before GC invocations=24 (full 0):
 garbage-first heap   total 262144K, used 215565K [0x00000000e0000000, 0x0000000100000000)
  region size 1024K, 121 young (123904K), 10 survivors (10240K)
 Metaspace       used 76063K, committed 76928K, reserved 458752K
  class space    used 10168K, committed 10624K, reserved 327680K
}
Event: 581.517 GC heap after
{Heap after GC invocations=25 (full 0):
 garbage-first heap   total 262144K, used 109245K [0x00000000e0000000, 0x0000000100000000)
  region size 1024K, 13 young (13312K), 13 survivors (13312K)
 Metaspace       used 76063K, committed 76928K, reserved 458752K
  class space    used 10168K, committed 10624K, reserved 327680K
}
Event: 582.374 GC heap before
{Heap before GC invocations=25 (full 0):
 garbage-first heap   total 262144K, used 214717K [0x00000000e0000000, 0x0000000100000000)
  region size 1024K, 116 young (118784K), 13 survivors (13312K)
 Metaspace       used 76397K, committed 77312K, reserved 458752K
  class space    used 10171K, committed 10624K, reserved 327680K
}
Event: 582.387 GC heap after
{Heap after GC invocations=26 (full 0):
 garbage-first heap   total 262144K, used 117908K [0x00000000e0000000, 0x0000000100000000)
  region size 1024K, 11 young (11264K), 11 survivors (11264K)
 Metaspace       used 76397K, committed 77312K, reserved 458752K
  class space    used 10171K, committed 10624K, reserved 327680K
}
Event: 993.551 GC heap before
{Heap before GC invocations=26 (full 0):
 garbage-first heap   total 262144K, used 212116K [0x00000000e0000000, 0x0000000100000000)
  region size 1024K, 104 young (106496K), 11 survivors (11264K)
 Metaspace       used 77072K, committed 78016K, reserved 458752K
  class space    used 10225K, committed 10688K, reserved 327680K
}
Event: 993.559 GC heap after
{Heap after GC invocations=27 (full 0):
 garbage-first heap   total 262144K, used 118570K [0x00000000e0000000, 0x0000000100000000)
  region size 1024K, 6 young (6144K), 6 survivors (6144K)
 Metaspace       used 77072K, committed 78016K, reserved 458752K
  class space    used 10225K, committed 10688K, reserved 327680K
}
Event: 994.416 GC heap before
{Heap before GC invocations=27 (full 0):
 garbage-first heap   total 262144K, used 214826K [0x00000000e0000000, 0x0000000100000000)
  region size 1024K, 100 young (102400K), 6 survivors (6144K)
 Metaspace       used 77226K, committed 78144K, reserved 458752K
  class space    used 10227K, committed 10688K, reserved 327680K
}
Event: 994.426 GC heap after
{Heap after GC invocations=28 (full 0):
 garbage-first heap   total 262144K, used 126231K [0x00000000e0000000, 0x0000000100000000)
  region size 1024K, 13 young (13312K), 13 survivors (13312K)
 Metaspace       used 77226K, committed 78144K, reserved 458752K
  class space    used 10227K, committed 10688K, reserved 327680K
}
Event: 2282.128 GC heap before
{Heap before GC invocations=28 (full 0):
 garbage-first heap   total 262144K, used 213271K [0x00000000e0000000, 0x0000000100000000)
  region size 1024K, 98 young (100352K), 13 survivors (13312K)
 Metaspace       used 77417K, committed 78400K, reserved 458752K
  class space    used 10233K, committed 10688K, reserved 327680K
}
Event: 2282.176 GC heap after
{Heap after GC invocations=29 (full 0):
 garbage-first heap   total 262144K, used 124840K [0x00000000e0000000, 0x0000000100000000)
  region size 1024K, 3 young (3072K), 3 survivors (3072K)
 Metaspace       used 77417K, committed 78400K, reserved 458752K
  class space    used 10233K, committed 10688K, reserved 327680K
}
Event: 7049.751 GC heap before
{Heap before GC invocations=29 (full 0):
 garbage-first heap   total 262144K, used 215976K [0x00000000e0000000, 0x0000000100000000)
  region size 1024K, 93 young (95232K), 3 survivors (3072K)
 Metaspace       used 77659K, committed 78528K, reserved 458752K
  class space    used 10245K, committed 10688K, reserved 327680K
}
Event: 7049.893 GC heap after
{Heap after GC invocations=30 (full 0):
 garbage-first heap   total 262144K, used 125864K [0x00000000e0000000, 0x0000000100000000)
  region size 1024K, 4 young (4096K), 4 survivors (4096K)
 Metaspace       used 77659K, committed 78528K, reserved 458752K
  class space    used 10245K, committed 10688K, reserved 327680K
}

